[    0.000000] Linux version 4.15.0-212-generic (buildd@lcy02-amd64-083) (gcc version 7.5.0 (Ubuntu 7.5.0-3ubuntu1~18.04)) #223-Ubuntu SMP Tue May 23 13:09:22 UTC 2023 (Ubuntu 4.15.0-212.223-generic 4.15.18)
[    0.000000] Command line: BOOT_IMAGE=/boot/vmlinuz-4.15.0-212-generic root=LABEL=cloudimg-rootfs ro console=tty1 console=ttyS0
[    0.000000] KERNEL supported cpus:
[    0.000000]   Intel GenuineIntel
[    0.000000]   AMD AuthenticAMD
[    0.000000]   Centaur CentaurHauls
[    0.000000] x86/fpu: Supporting XSAVE feature 0x001: 'x87 floating point registers'
[    0.000000] x86/fpu: Supporting XSAVE feature 0x002: 'SSE registers'
[    0.000000] x86/fpu: Supporting XSAVE feature 0x004: 'AVX registers'
[    0.000000] x86/fpu: xstate_offset[2]:  576, xstate_sizes[2]:  256
[    0.000000] x86/fpu: Enabled xstate features 0x7, context size is 832 bytes, using 'standard' format.
[    0.000000] e820: BIOS-provided physical RAM map:
[    0.000000] BIOS-e820: [mem 0x0000000000000000-0x000000000009fbff] usable
[    0.000000] BIOS-e820: [mem 0x000000000009fc00-0x000000000009ffff] reserved
[    0.000000] BIOS-e820: [mem 0x00000000000f0000-0x00000000000fffff] reserved
[    0.000000] BIOS-e820: [mem 0x0000000000100000-0x000000003ffeffff] usable
[    0.000000] BIOS-e820: [mem 0x000000003fff0000-0x000000003fffffff] ACPI data
[    0.000000] BIOS-e820: [mem 0x00000000fec00000-0x00000000fec00fff] reserved
[    0.000000] BIOS-e820: [mem 0x00000000fee00000-0x00000000fee00fff] reserved
[    0.000000] BIOS-e820: [mem 0x00000000fffc0000-0x00000000ffffffff] reserved
[    0.000000] NX (Execute Disable) protection: active
[    0.000000] SMBIOS 2.5 present.
[    0.000000] DMI: innotek GmbH VirtualBox/VirtualBox, BIOS VirtualBox 12/01/2006
[    0.000000] Hypervisor detected: KVM
[    0.000000] e820: last_pfn = 0x3fff0 max_arch_pfn = 0x400000000
[    0.000000] MTRR: Disabled
[    0.000000] x86/PAT: MTRRs disabled, skipping PAT initialization too.
[    0.000000] CPU MTRRs all blank - virtualized system.
[    0.000000] x86/PAT: Configuration [0-7]: WB  WT  UC- UC  WB  WT  UC- UC  
[    0.000000] found SMP MP-table at [mem 0x0009fff0-0x0009ffff]
[    0.000000] Scanning 1 areas for low memory corruption
[    0.000000] RAMDISK: [mem 0x359cb000-0x36cdcfff]
[    0.000000] ACPI: Early table checksum verification disabled
[    0.000000] ACPI: RSDP 0x00000000000E0000 000024 (v02 VBOX  )
[    0.000000] ACPI: XSDT 0x000000003FFF0030 00003C (v01 VBOX   VBOXXSDT 00000001 ASL  00000061)
[    0.000000] ACPI: FACP 0x000000003FFF00F0 0000F4 (v04 VBOX   VBOXFACP 00000001 ASL  00000061)
[    0.000000] ACPI: DSDT 0x000000003FFF0610 002353 (v02 VBOX   VBOXBIOS 00000002 INTL 20230628)
[    0.000000] ACPI: FACS 0x000000003FFF0200 000040
[    0.000000] ACPI: FACS 0x000000003FFF0200 000040
[    0.000000] ACPI: APIC 0x000000003FFF0240 00005C (v02 VBOX   VBOXAPIC 00000001 ASL  00000061)
[    0.000000] ACPI: SSDT 0x000000003FFF02A0 00036C (v01 VBOX   VBOXCPUT 00000002 INTL 20230628)
[    0.000000] ACPI: Reserving FACP table memory at [mem 0x3fff00f0-0x3fff01e3]
[    0.000000] ACPI: Reserving DSDT table memory at [mem 0x3fff0610-0x3fff2962]
[    0.000000] ACPI: Reserving FACS table memory at [mem 0x3fff0200-0x3fff023f]
[    0.000000] ACPI: Reserving FACS table memory at [mem 0x3fff0200-0x3fff023f]
[    0.000000] ACPI: Reserving APIC table memory at [mem 0x3fff0240-0x3fff029b]
[    0.000000] ACPI: Reserving SSDT table memory at [mem 0x3fff02a0-0x3fff060b]
[    0.000000] No NUMA configuration found
[    0.000000] Faking a node at [mem 0x0000000000000000-0x000000003ffeffff]
[    0.000000] NODE_DATA(0) allocated [mem 0x3ffc5000-0x3ffeffff]
[    0.000000] kvm-clock: cpu 0, msr 0:3ff44001, primary cpu clock
[    0.000000] kvm-clock: Using msrs 4b564d01 and 4b564d00
[    0.000000] kvm-clock: using sched offset of 2894690717 cycles
[    0.000000] clocksource: kvm-clock: mask: 0xffffffffffffffff max_cycles: 0x1cd42e4dffb, max_idle_ns: 881590591483 ns
[    0.000000] Zone ranges:
[    0.000000]   DMA      [mem 0x0000000000001000-0x0000000000ffffff]
[    0.000000]   DMA32    [mem 0x0000000001000000-0x000000003ffeffff]
[    0.000000]   Normal   empty
[    0.000000]   Device   empty
[    0.000000] Movable zone start for each node
[    0.000000] Early memory node ranges
[    0.000000]   node   0: [mem 0x0000000000001000-0x000000000009efff]
[    0.000000]   node   0: [mem 0x0000000000100000-0x000000003ffeffff]
[    0.000000] Reserved but unavailable: 104 pages
[    0.000000] Initmem setup node 0 [mem 0x0000000000001000-0x000000003ffeffff]
[    0.000000] ACPI: PM-Timer IO Port: 0x4008
[    0.000000] IOAPIC[0]: apic_id 2, version 32, address 0xfec00000, GSI 0-23
[    0.000000] ACPI: INT_SRC_OVR (bus 0 bus_irq 0 global_irq 2 dfl dfl)
[    0.000000] ACPI: INT_SRC_OVR (bus 0 bus_irq 9 global_irq 9 low level)
[    0.000000] Using ACPI (MADT) for SMP configuration information
[    0.000000] smpboot: Allowing 2 CPUs, 0 hotplug CPUs
[    0.000000] PM: Registered nosave memory: [mem 0x00000000-0x00000fff]
[    0.000000] PM: Registered nosave memory: [mem 0x0009f000-0x0009ffff]
[    0.000000] PM: Registered nosave memory: [mem 0x000a0000-0x000effff]
[    0.000000] PM: Registered nosave memory: [mem 0x000f0000-0x000fffff]
[    0.000000] e820: [mem 0x40000000-0xfebfffff] available for PCI devices
[    0.000000] Booting paravirtualized kernel on KVM
[    0.000000] clocksource: refined-jiffies: mask: 0xffffffff max_cycles: 0xffffffff, max_idle_ns: 7645519600211568 ns
[    0.000000] setup_percpu: NR_CPUS:8192 nr_cpumask_bits:2 nr_cpu_ids:2 nr_node_ids:1
[    0.000000] percpu: Embedded 50 pages/cpu s167936 r8192 d28672 u1048576
[    0.000000] PV qspinlock hash table entries: 256 (order: 0, 4096 bytes)
[    0.000000] Built 1 zonelists, mobility grouping on.  Total pages: 257913
[    0.000000] Policy zone: DMA32
[    0.000000] Kernel command line: BOOT_IMAGE=/boot/vmlinuz-4.15.0-212-generic root=LABEL=cloudimg-rootfs ro console=tty1 console=ttyS0
[    0.000000] Memory: 982644K/1048120K available (12300K kernel code, 2477K rwdata, 4324K rodata, 2480K init, 2720K bss, 65476K reserved, 0K cma-reserved)
[    0.000000] SLUB: HWalign=64, Order=0-3, MinObjects=0, CPUs=2, Nodes=1
[    0.000000] Kernel/User page tables isolation: enabled
[    0.000000] ftrace: allocating 39508 entries in 155 pages
[    0.004000] Hierarchical RCU implementation.
[    0.004000] 	RCU restricting CPUs from NR_CPUS=8192 to nr_cpu_ids=2.
[    0.004000] 	Tasks RCU enabled.
[    0.004000] RCU: Adjusting geometry for rcu_fanout_leaf=16, nr_cpu_ids=2
[    0.004000] NR_IRQS: 524544, nr_irqs: 440, preallocated irqs: 16
[    0.004000] random: crng init done
[    0.004000] Console: colour VGA+ 80x25
[    0.004000] console [tty1] enabled
[    0.004000] console [ttyS0] enabled
[    0.004000] ACPI: Core revision 20170831
[    0.004000] ACPI: 2 ACPI AML tables successfully acquired and loaded
[    0.004000] APIC: Switch to symmetric I/O mode setup
[    0.004000] x2apic enabled
[    0.004000] Switched APIC routing to physical x2apic.
[    0.004000] ..TIMER: vector=0x30 apic1=0 pin1=2 apic2=-1 pin2=-1
[    0.004000] tsc: Detected 2304.018 MHz processor
[    0.004000] Calibrating delay loop (skipped) preset value.. 4608.03 BogoMIPS (lpj=9216072)
[    0.004000] pid_max: default: 32768 minimum: 301
[    0.004000] Security Framework initialized
[    0.004000] Yama: becoming mindful.
[    0.004000] AppArmor: AppArmor initialized
[    0.004000] Dentry cache hash table entries: 131072 (order: 8, 1048576 bytes)
[    0.004000] Inode-cache hash table entries: 65536 (order: 7, 524288 bytes)
[    0.004000] Mount-cache hash table entries: 2048 (order: 2, 16384 bytes)
[    0.004000] Mountpoint-cache hash table entries: 2048 (order: 2, 16384 bytes)
[    0.004000] Last level iTLB entries: 4KB 64, 2MB 8, 4MB 8
[    0.004000] Last level dTLB entries: 4KB 64, 2MB 0, 4MB 0, 1GB 4
[    0.004000] Spectre V1 : Mitigation: usercopy/swapgs barriers and __user pointer sanitization
[    0.004000] Spectre V2 : Mitigation: Retpolines
[    0.004000] Spectre V2 : Spectre v2 / SpectreRSB mitigation: Filling RSB on context switch
[    0.004000] Spectre V2 : Spectre v2 / SpectreRSB : Filling RSB on VMEXIT
[    0.004000] RETBleed: WARNING: Spectre v2 mitigation leaves CPU vulnerable to RETBleed attacks, data leaks possible!
[    0.004000] RETBleed: Vulnerable
[    0.004000] Speculative Store Bypass: Vulnerable
[    0.004000] MDS: Mitigation: Clear CPU buffers
[    0.004000] MMIO Stale Data: Mitigation: Clear CPU buffers
[    0.004000] SRBDS: Unknown: Dependent on hypervisor status
[    0.004000] Freeing SMP alternatives memory: 36K
[    0.119358] APIC calibration not consistent with PM-Timer: 107ms instead of 100ms
[    0.120000] APIC delta adjusted to PM-Timer: 6482652 (6960529)
[    0.120044] smpboot: CPU0: Intel(R) Core(TM) i5-8300H CPU @ 2.30GHz (family: 0x6, model: 0x9e, stepping: 0xa)
[    0.121642] Performance Events: unsupported p6 CPU model 158 no PMU driver, software events only.
[    0.123036] Hierarchical SRCU implementation.
[    0.124000] NMI watchdog: Perf event create on CPU 0 failed with -2
[    0.124001] NMI watchdog: Perf NMI watchdog permanently disabled
[    0.124888] smp: Bringing up secondary CPUs ...
[    0.125729] x86: Booting SMP configuration:
[    0.126395] .... node  #0, CPUs:      #1
[    0.004000] kvm-clock: cpu 1, msr 0:3ff44041, secondary cpu clock
[    0.130708] smp: Brought up 1 node, 2 CPUs
[    0.130708] smpboot: Max logical packages: 1
[    0.132003] smpboot: Total of 2 processors activated (9216.07 BogoMIPS)
[    0.133022] devtmpfs: initialized
[    0.133022] x86/mm: Memory block size: 128MB
[    0.133652] evm: security.selinux
[    0.134304] evm: security.SMACK64
[    0.136004] evm: security.SMACK64EXEC
[    0.136637] evm: security.SMACK64TRANSMUTE
[    0.137310] evm: security.SMACK64MMAP
[    0.137886] evm: security.apparmor
[    0.138443] evm: security.ima
[    0.138970] evm: security.capability
[    0.140053] clocksource: jiffies: mask: 0xffffffff max_cycles: 0xffffffff, max_idle_ns: 7645041785100000 ns
[    0.141430] futex hash table entries: 512 (order: 3, 32768 bytes)
[    0.142398] pinctrl core: initialized pinctrl subsystem
[    0.143403] RTC time: 23:55:44, date: 02/29/24
[    0.144111] NET: Registered protocol family 16
[    0.144818] audit: initializing netlink subsys (disabled)
[    0.145585] audit: type=2000 audit(1709250948.722:1): state=initialized audit_enabled=0 res=1
[    0.145585] cpuidle: using governor ladder
[    0.145585] cpuidle: using governor menu
[    0.145655] ACPI: bus type PCI registered
[    0.146429] acpiphp: ACPI Hot Plug PCI Controller Driver version: 0.5
[    0.147690] PCI: Using configuration type 1 for base access
[    0.152210] HugeTLB registered 2.00 MiB page size, pre-allocated 0 pages
[    0.153258] ACPI: Added _OSI(Module Device)
[    0.153258] ACPI: Added _OSI(Processor Device)
[    0.153651] ACPI: Added _OSI(3.0 _SCP Extensions)
[    0.156002] ACPI: Added _OSI(Processor Aggregator Device)
[    0.157007] ACPI: Added _OSI(Linux-Dell-Video)
[    0.157819] ACPI: Added _OSI(Linux-Lenovo-NV-HDMI-Audio)
[    0.158772] ACPI: Added _OSI(Linux-HPI-Hybrid-Graphics)
[    0.160195] ACPI: Executed 1 blocks of module-level executable AML code
[    0.164427] ACPI: Interpreter enabled
[    0.165204] ACPI: (supports S0 S5)
[    0.165865] ACPI: Using IOAPIC for interrupt routing
[    0.167120] PCI: Using host bridge windows from ACPI; if necessary, use "pci=nocrs" and report a bug
[    0.168138] ACPI: Enabled 2 GPEs in block 00 to 07
[    0.175726] ACPI: PCI Root Bridge [PCI0] (domain 0000 [bus 00-ff])
[    0.176005] acpi PNP0A03:00: _OSC: OS supports [ASPM ClockPM Segments MSI]
[    0.177670] acpi PNP0A03:00: _OSC: not requesting OS control; OS requires [ExtendedConfig ASPM ClockPM MSI]
[    0.180009] acpi PNP0A03:00: fail to add MMCONFIG information, can't access extended PCI configuration space under this bridge.
[    0.182329] PCI host bridge to bus 0000:00
[    0.183118] pci_bus 0000:00: root bus resource [io  0x0000-0x0cf7 window]
[    0.184002] pci_bus 0000:00: root bus resource [io  0x0d00-0xffff window]
[    0.185217] pci_bus 0000:00: root bus resource [mem 0x000a0000-0x000bffff window]
[    0.186564] pci_bus 0000:00: root bus resource [mem 0x40000000-0xfdffffff window]
[    0.188002] pci_bus 0000:00: root bus resource [bus 00-ff]
[    0.190405] pci 0000:00:01.1: legacy IDE quirk: reg 0x10: [io  0x01f0-0x01f7]
[    0.192002] pci 0000:00:01.1: legacy IDE quirk: reg 0x14: [io  0x03f6]
[    0.193155] pci 0000:00:01.1: legacy IDE quirk: reg 0x18: [io  0x0170-0x0177]
[    0.194452] pci 0000:00:01.1: legacy IDE quirk: reg 0x1c: [io  0x0376]
[    0.205968] pci 0000:00:07.0: quirk: [io  0x4000-0x403f] claimed by PIIX4 ACPI
[    0.207543] pci 0000:00:07.0: quirk: [io  0x4100-0x410f] claimed by PIIX4 SMB
[    0.212309] ACPI: PCI Interrupt Link [LNKA] (IRQs 5 9 10 *11)
[    0.213706] ACPI: PCI Interrupt Link [LNKB] (IRQs 5 9 *10 11)
[    0.214905] ACPI: PCI Interrupt Link [LNKC] (IRQs 5 *9 10 11)
[    0.216000] ACPI: PCI Interrupt Link [LNKD] (IRQs 5 9 10 *11)
[    0.216235] SCSI subsystem initialized
[    0.217023] pci 0000:00:02.0: vgaarb: setting as boot VGA device
[    0.217076] pci 0000:00:02.0: vgaarb: VGA device added: decodes=io+mem,owns=io+mem,locks=none
[    0.220009] pci 0000:00:02.0: vgaarb: bridge control possible
[    0.221159] vgaarb: loaded
[    0.221729] ACPI: bus type USB registered
[    0.222484] usbcore: registered new interface driver usbfs
[    0.223462] usbcore: registered new interface driver hub
[    0.224007] usbcore: registered new device driver usb
[    0.224972] EDAC MC: Ver: 3.0.0
[    0.224972] PCI: Using ACPI for IRQ routing
[    0.225042] NetLabel: Initializing
[    0.228005] NetLabel:  domain hash size = 128
[    0.228805] NetLabel:  protocols = UNLABELED CIPSOv4 CALIPSO
[    0.229815] NetLabel:  unlabeled traffic allowed by default
[    0.230951] clocksource: Switched to clocksource kvm-clock
[    0.236768] VFS: Disk quotas dquot_6.6.0
[    0.237631] VFS: Dquot-cache hash table entries: 512 (order 0, 4096 bytes)
[    0.238892] AppArmor: AppArmor Filesystem Enabled
[    0.239802] pnp: PnP ACPI init
[    0.241352] pnp: PnP ACPI: found 3 devices
[    0.249075] clocksource: acpi_pm: mask: 0xffffff max_cycles: 0xffffff, max_idle_ns: 2085701024 ns
[    0.250754] NET: Registered protocol family 2
[    0.251613] IP idents hash table entries: 16384 (order: 5, 131072 bytes)
[    0.252173] TCP established hash table entries: 8192 (order: 4, 65536 bytes)
[    0.254364] TCP bind hash table entries: 8192 (order: 5, 131072 bytes)
[    0.255512] TCP: Hash tables configured (established 8192 bind 8192)
[    0.256643] UDP hash table entries: 512 (order: 2, 16384 bytes)
[    0.257740] UDP-Lite hash table entries: 512 (order: 2, 16384 bytes)
[    0.258859] NET: Registered protocol family 1
[    0.259710] pci 0000:00:00.0: Limiting direct PCI/PCI transfers
[    0.260626] pci 0000:00:01.0: Activating ISA DMA hang workarounds
[    0.260626] pci 0000:00:02.0: Video device with shadowed ROM at [mem 0x000c0000-0x000dffff]
[    0.260626] Unpacking initramfs...
[    0.478626] Freeing initrd memory: 19528K
[    0.479436] clocksource: tsc: mask: 0xffffffffffffffff max_cycles: 0x213608c06ae, max_idle_ns: 440795240117 ns
[    0.480967] platform rtc_cmos: registered platform RTC device (no PNP device found)
[    0.482180] Scanning for low memory corruption every 60 seconds
[    0.483564] Initialise system trusted keyrings
[    0.484318] Key type blacklist registered
[    0.484967] workingset: timestamp_bits=36 max_order=18 bucket_order=0
[    0.486703] zbud: loaded
[    0.487615] squashfs: version 4.0 (2009/01/31) Phillip Lougher
[    0.488604] fuse init (API version 7.26)
[    0.490455] Key type asymmetric registered
[    0.491138] Asymmetric key parser 'x509' registered
[    0.491939] Block layer SCSI generic (bsg) driver version 0.4 loaded (major 246)
[    0.493248] io scheduler noop registered
[    0.493920] io scheduler deadline registered
[    0.494670] io scheduler cfq registered (default)
[    0.495620] ACPI: AC Adapter [AC] (on-line)
[    0.496332] input: Power Button as /devices/LNXSYSTM:00/LNXPWRBN:00/input/input0
[    0.497696] ACPI: Power Button [PWRF]
[    0.498360] input: Sleep Button as /devices/LNXSYSTM:00/LNXSLPBN:00/input/input1
[    0.499565] ACPI: Sleep Button [SLPF]
[    0.500983] ACPI: Battery Slot [BAT0] (battery present)
[    0.501948] Serial: 8250/16550 driver, 32 ports, IRQ sharing enabled
[    0.523421] 00:02: ttyS0 at I/O 0x3f8 (irq = 4, base_baud = 115200) is a 16550A
[    0.526536] Linux agpgart interface v0.103
[    0.528555] loop: module loaded
[    0.529497] scsi host0: ata_piix
[    0.530186] scsi host1: ata_piix
[    0.530832] ata1: PATA max UDMA/33 cmd 0x1f0 ctl 0x3f6 bmdma 0xd000 irq 14
[    0.531959] ata2: PATA max UDMA/33 cmd 0x170 ctl 0x376 bmdma 0xd008 irq 15
[    0.533094] tun: Universal TUN/TAP device driver, 1.6
[    0.534061] PPP generic driver version 2.4.2
[    0.534860] ehci_hcd: USB 2.0 'Enhanced' Host Controller (EHCI) Driver
[    0.535840] ehci-pci: EHCI PCI platform driver
[    0.536602] ehci-platform: EHCI generic platform driver
[    0.537472] ohci_hcd: USB 1.1 'Open' Host Controller (OHCI) Driver
[    0.538390] ohci-pci: OHCI PCI platform driver
[    0.539087] ohci-platform: OHCI generic platform driver
[    0.539911] uhci_hcd: USB Universal Host Controller Interface driver
[    0.540986] i8042: PNP: PS/2 Controller [PNP0303:PS2K,PNP0f03:PS2M] at 0x60,0x64 irq 1,12
[    0.542703] serio: i8042 KBD port at 0x60,0x64 irq 1
[    0.543479] serio: i8042 AUX port at 0x60,0x64 irq 12
[    0.544466] mousedev: PS/2 mouse device common for all mice
[    0.545831] input: AT Translated Set 2 keyboard as /devices/platform/i8042/serio0/input/input2
[    0.547428] rtc_cmos rtc_cmos: rtc core: registered rtc_cmos as rtc0
[    0.548488] rtc_cmos rtc_cmos: alarms up to one day, 114 bytes nvram
[    0.549449] i2c /dev entries driver
[    0.550056] device-mapper: uevent: version 1.0.3
[    0.550880] device-mapper: ioctl: 4.37.0-ioctl (2017-09-20) initialised: dm-devel@redhat.com
[    0.552234] ledtrig-cpu: registered to indicate activity on CPUs
[    0.553374] NET: Registered protocol family 10
[    0.556862] Segment Routing with IPv6
[    0.557496] NET: Registered protocol family 17
[    0.558285] Key type dns_resolver registered
[    0.559227] mce: Using 0 MCE banks
[    0.559816] RAS: Correctable Errors collector initialized.
[    0.560748] sched_clock: Marking stable (560726049, 0)->(727176463, -166450414)
[    0.562456] registered taskstats version 1
[    0.563123] Loading compiled-in X.509 certificates
[    0.565698] Loaded X.509 cert 'Build time autogenerated kernel key: b5b26778eaa3ab3a4a6cee031137706e947d12ad'
[    0.567642] Loaded X.509 cert 'Canonical Ltd. Live Patch Signing: 14df34d1a87cf37625abec039ef2bf521249b969'
[    0.569535] Loaded X.509 cert 'Canonical Ltd. Kernel Module Signing: 88f752e560a1e0737e31163a466ad7b70a850c19'
[    0.571063] blacklist: Loading compiled-in revocation X.509 certificates
[    0.572069] Loaded X.509 cert 'Canonical Ltd. Secure Boot Signing: 61482aa2830d0ab2ad5af10b7250da9033ddcef0'
[    0.573595] Loaded X.509 cert 'Canonical Ltd. Secure Boot Signing (2017): 242ade75ac4a15e50d50c84b0d45ff3eae707a03'
[    0.575196] Loaded X.509 cert 'Canonical Ltd. Secure Boot Signing (ESM 2018): 365188c1d374d6b07c3c8f240f8ef722433d6a8b'
[    0.576796] Loaded X.509 cert 'Canonical Ltd. Secure Boot Signing (2019): c0746fd6c5da3ae827864651ad66ae47fe24b3e8'
[    0.578419] Loaded X.509 cert 'Canonical Ltd. Secure Boot Signing (2021 v1): a8d54bbb3825cfb94fa13c9f8a594a195c107b8d'
[    0.579994] Loaded X.509 cert 'Canonical Ltd. Secure Boot Signing (2021 v2): 4cf046892d6fd3c9a5b03f98d845f90851dc6a8c'
[    0.581676] Loaded X.509 cert 'Canonical Ltd. Secure Boot Signing (2021 v3): 100437bb6de6e469b581e61cd66bce3ef4ed53af'
[    0.583273] Loaded X.509 cert 'Canonical Ltd. Secure Boot Signing (Ubuntu Core 2019): c1d57b8f6b743f23ee41f4f7ee292f06eecadfb9'
[    0.585016] zswap: loaded using pool lzo/zbud
[    0.588663] Key type big_key registered
[    0.589326] Key type trusted registered
[    0.591294] Key type encrypted registered
[    0.591934] AppArmor: AppArmor sha1 policy hashing enabled
[    0.592825] ima: No TPM chip found, activating TPM-bypass! (rc=-19)
[    0.593828] ima: Allocated hash algorithm: sha1
[    0.594597] evm: HMAC attrs: 0x1
[    0.595274]   Magic number: 12:487:960
[    0.595977] rtc_cmos rtc_cmos: setting system clock to 2024-02-29 23:55:44 UTC (1709250944)
[    0.597452] BIOS EDD facility v0.16 2004-Jun-25, 0 devices found
[    0.598525] EDD information not available.
[    0.731619] Freeing unused kernel image memory: 2480K
[    0.743593] Write protecting the kernel read-only data: 20480k
[    0.746646] Freeing unused kernel image memory: 2008K
[    0.748833] Freeing unused kernel image memory: 1820K
[    0.766025] x86/mm: Checked W+X mappings: passed, no W+X pages found.
[    0.768056] x86/mm: Checking user space page tables
[    0.781836] x86/mm: Checked W+X mappings: passed, no W+X pages found.
Loading, please wait...
starting version 237
[    0.842875] e1000: Intel(R) PRO/1000 Network Driver - version 7.3.21-k8-NAPI
[    0.844147] e1000: Copyright (c) 1999-2006 Intel Corporation.
[    0.847105] Fusion MPT base driver 3.04.20
[    0.847808] Copyright (c) 1999-2008 LSI Corporation
[    0.865677] Fusion MPT SPI Host driver 3.04.20
[    0.869493] AVX2 version of gcm_enc/dec engaged.
[    0.870356] AES CTR mode by8 optimization enabled
[    0.874015] mptbase: ioc0: Initiating bringup
[    1.140528] input: ImExPS/2 Generic Explorer Mouse as /devices/platform/i8042/serio1/input/input4
[    1.177309] ioc0: LSI53C1030 A0: Capabilities={Initiator}
[    1.423715] scsi host2: ioc0: LSI53C1030 A0, FwRev=00000000h, Ports=1, MaxQ=256, IRQ=20
[    1.602176] scsi 2:0:0:0: Direct-Access     VBOX     HARDDISK         1.0  PQ: 0 ANSI: 5
[    1.842413] scsi target2:0:0: Beginning Domain Validation
[    1.846103] scsi target2:0:0: Domain Validation skipping write tests
[    1.848225] scsi target2:0:0: Ending Domain Validation
[    1.849843] scsi target2:0:0: asynchronous
[    1.851872] scsi 2:0:1:0: Direct-Access     VBOX     HARDDISK         1.0  PQ: 0 ANSI: 5
[    2.100358] scsi target2:0:1: Beginning Domain Validation
[    2.102627] scsi target2:0:1: Domain Validation skipping write tests
[    2.103761] scsi target2:0:1: Ending Domain Validation
[    2.104759] scsi target2:0:1: asynchronous
[    2.108349] sd 2:0:0:0: Attached scsi generic sg0 type 0
[    2.109621] sd 2:0:0:0: [sda] 83886080 512-byte logical blocks: (42.9 GB/40.0 GiB)
[    2.110998] sd 2:0:1:0: Attached scsi generic sg1 type 0
[    2.111005] sd 2:0:0:0: [sda] Write Protect is off
[    2.113452] sd 2:0:1:0: [sdb] 20480 512-byte logical blocks: (10.5 MB/10.0 MiB)
[    2.114641] sd 2:0:0:0: [sda] Incomplete mode parameter data
[    2.115543] sd 2:0:0:0: [sda] Assuming drive cache: write through
[    2.116358] sd 2:0:1:0: [sdb] Write Protect is off
[    2.117436] sd 2:0:1:0: [sdb] Incomplete mode parameter data
[    2.118392]  sda: sda1
[    2.118470] sd 2:0:1:0: [sdb] Assuming drive cache: write through
[    2.120629] sd 2:0:0:0: [sda] Attached SCSI disk
[    2.121993] sd 2:0:1:0: [sdb] Attached SCSI disk
[    2.145214] e1000 0000:00:03.0 eth0: (PCI:33MHz:32-bit) 02:3b:7b:b7:3b:2d
[    2.146275] e1000 0000:00:03.0 eth0: Intel(R) PRO/1000 Network Connection
[    2.148034] e1000 0000:00:03.0 enp0s3: renamed from eth0
Begin: Loading essential drivers ... [    3.744179] raid6: sse2x1   gen() 12767 MB/s
[    3.792204] raid6: sse2x1   xor()  9416 MB/s
[    3.840161] raid6: sse2x2   gen() 14257 MB/s
[    3.888173] raid6: sse2x2   xor() 11311 MB/s
[    3.936164] raid6: sse2x4   gen() 19457 MB/s
[    3.984199] raid6: sse2x4   xor() 11955 MB/s
[    4.032201] raid6: avx2x1   gen() 27466 MB/s
[    4.080199] raid6: avx2x1   xor() 19193 MB/s
[    4.128204] raid6: avx2x2   gen() 32264 MB/s
[    4.176197] raid6: avx2x2   xor() 20682 MB/s
[    4.224198] raid6: avx2x4   gen() 38012 MB/s
[    4.272206] raid6: avx2x4   xor() 22920 MB/s
[    4.272927] raid6: using algorithm avx2x4 gen() 38012 MB/s
[    4.273816] raid6: .... xor() 22920 MB/s, rmw enabled
[    4.274610] raid6: using avx2x2 recovery algorithm
[    4.276177] xor: automatically using best checksumming function   avx       
[    4.278004] async_tx: api initialized (async)
done.
Begin: Running /scripts/init-premount ... done.
Begin: Mounting root file system ... Begin: Running /scripts/local-top ... done.
Begin: Running /scripts/local-premount ... [    4.315895] Btrfs loaded, crc32c=crc32c-intel
Scanning for Btrfs filesystems
done.
Warning: fsck not present, so skipping root file system
[    4.340494] EXT4-fs (sda1): mounted filesystem with ordered data mode. Opts: (null)
done.
Begin: Running /scripts/local-bottom ... done.
Begin: Running /scripts/init-bottom ... done.
[    4.482176] ip_tables: (C) 2000-2006 Netfilter Core Team
[    4.487850] systemd[1]: systemd 237 running in system mode. (+PAM +AUDIT +SELINUX +IMA +APPARMOR +SMACK +SYSVINIT +UTMP +LIBCRYPTSETUP +GCRYPT +GNUTLS +ACL +XZ +LZ4 +SECCOMP +BLKID +ELFUTILS +KMOD -IDN2 +IDN -PCRE2 default-hierarchy=hybrid)
[    4.490992] systemd[1]: Detected virtualization oracle.
[    4.491806] systemd[1]: Detected architecture x86-64.

Welcome to [1mUbuntu 18.04.6 LTS[0m!

[    4.504603] systemd[1]: Set hostname to <ubuntu-bionic>.
[    4.744203] systemd[1]: Created slice System Slice.
[[0;32m  OK  [0m] Created slice System Slice.
[    4.756288] systemd[1]: Listening on udev Kernel Socket.
[[0;32m  OK  [0m] Listening on udev Kernel Socket.
[    4.757664] systemd[1]: Listening on LVM2 poll daemon socket.
[[0;32m  OK  [0m] Listening on LVM2 poll daemon socket.
[    4.759146] systemd[1]: Listening on Journal Audit Socket.
[[0;32m  OK  [0m] Listening on Journal Audit Socket.
[    4.760588] systemd[1]: Started Forward Password Requests to Wall Directory Watch.
[[0;32m  OK  [0m] Started Forward Password Requests to Wall Directory Watch.
[    4.762405] systemd[1]: Listening on Journal Socket (/dev/log).
[[0;32m  OK  [0m] Listening on Journal Socket (/dev/log).
[[0;32m  OK  [0m] Set up automount Arbitrary Executab…rmats File System Automount Point.
[[0;32m  OK  [0m] Created slice system-serial\x2dgetty.slice.
[[0;32m  OK  [0m] Listening on Device-mapper event daemon FIFOs.
[[0;32m  OK  [0m] Listening on Journal Socket.
         Starting Create list of required st…ce nodes for the current kernel...
         Mounting Huge Pages File System...
[[0;32m  OK  [0m] Listening on Network Service Netlink Socket.
[[0;32m  OK  [0m] Listening on /dev/initctl Compatibility Named Pipe.
[[0;32m  OK  [0m] Listening on Syslog Socket.
         Starting Journal Service...
[[0;32m  OK  [0m] Listening on LVM2 metadata daemon socket.
         Starting Monitoring of LVM2 mirrors…ng dmeventd or progress polling...
         Mounting Kernel Debug File System...
         Starting Set the console keyboard layout...
[[0;32m  OK  [0m] Reached target User and Group Name Lookups.
[[0;32m  OK  [0m] Reached target Mounting snaps.
[[0;32m  OK  [0m] Reached target Mounted snaps.
         Starting Load Kernel Modules...
         Starting Uncomplicated firewall...
[    4.837759] Loading iSCSI transport class v2.0-870.
[    4.842156] iscsi: registered transport (tcp)
[    4.852768] iscsi: registered transport (iser)
[[0;32m  OK  [0m] Created slice User and Session Slice.
[[0;32m  OK  [0m] Reached target Slices.
[[0;32m  OK  [0m] Listening on fsck to fsckd communication Socket.
         Starting File System Check on Root Device...
         Mounting POSIX Message Queue File System...
[[0;32m  OK  [0m] Reached target System Time Synchronized.
[[0;32m  OK  [0m] Listening on udev Control Socket.
         Starting udev Coldplug all Devices...
[[0;32m  OK  [0m] Reached target Swap.
[[0;32m  OK  [0m] Started Journal Service.
[[0;32m  OK  [0m] Started Create list of required sta…vice nodes for the current kernel.
[[0;32m  OK  [0m] Mounted Huge Pages File System.
[[0;32m  OK  [0m] Mounted Kernel Debug File System.
[[0;32m  OK  [0m] Started Load Kernel Modules.
[[0;32m  OK  [0m] Started Uncomplicated firewall.
[[0;32m  OK  [0m] Mounted POSIX Message Queue File System.
[[0;32m  OK  [0m] Started File System Check Daemon to report status.
[[0;32m  OK  [0m] Started LVM2 metadata daemon.
         Starting Apply Kernel Variables...
         Mounting FUSE Control File System...
         Mounting Kernel Configuration File System...
         Starting Create Static Device Nodes in /dev...
[[0;32m  OK  [0m] Mounted FUSE Control File System.
[[0;32m  OK  [0m] Mounted Kernel Configuration File System.
[[0;32m  OK  [0m] Started Monitoring of LVM2 mirrors,…sing dmeventd or progress polling.
[[0;32m  OK  [0m] Started udev Coldplug all Devices.
[[0;32m  OK  [0m] Started Apply Kernel Variables.
[[0;32m  OK  [0m] Started File System Check on Root Device.
         Starting Remount Root and Kernel File Systems...
[[0;32m  OK  [0m] Started Create Static Device Nodes in /dev.
[[0;32m  OK  [0m] Started Remount Root and Kernel File Systems.
         Starting Load/Save Random Seed...
         Starting udev Kernel Device Manager...
         Starting Flush Journal to Persistent Storage...
[[0;32m  OK  [0m] Started Set the console keyboard layout.
[[0;32m  OK  [0m] Reached target Local File Systems (Pre).
[[0;32m  OK  [0m] Reached target Local File Systems.
         Starting ebtables ruleset management...
         Starting Tell Plymouth To Write Out Runtime Data...
         Starting AppArmor initialization...
         Starting Set console font and keymap...
[[0;32m  OK  [0m] Started Load/Save Random Seed.
[[0;32m  OK  [0m] Started udev Kernel Device Manager.
[[0;32m  OK  [0m] Started Dispatch Password Requests to Console Directory Watch.
[[0;32m  OK  [0m] Reached target Local Encrypted Volumes.
[[0;32m  OK  [0m] Started Tell Plymouth To Write Out Runtime Data.
[[0;32m  OK  [0m] Started Set console font and keymap.
[[0;32m  OK  [0m] Started Flush Journal to Persistent Storage.
         Starting Create Volatile Files and Directories...
[[0;32m  OK  [0m] Started Create Volatile Files and Directories.
         Starting Update UTMP about System Boot/Shutdown...
[[0;32m  OK  [0m] Started ebtables ruleset management.
[[0;32m  OK  [0m] Started Update UTMP about System Boot/Shutdown.
[[0;32m  OK  [0m] Started AppArmor initialization.
         Starting Initial cloud-init job (pre-networking)...
         Starting Load AppArmor profiles managed internally by snapd...
[[0;32m  OK  [0m] Found device /dev/ttyS0.
         Mounting Arbitrary Executable File Formats File System...
[[0;32m  OK  [0m] Mounted Arbitrary Executable File Formats File System.
[[0;32m  OK  [0m] Started Load AppArmor profiles managed internally by snapd.
[[0;32m  OK  [0m] Listening on Load/Save RF Kill Switch Status /dev/rfkill Watch.
[    6.169347] cloud-init[522]: Cloud-init v. 23.1.2-0ubuntu0~18.04.1 running 'init-local' at Thu, 29 Feb 2024 23:55:49 +0000. Up 5.97 seconds.
[[0;32m  OK  [0m] Started Initial cloud-init job (pre-networking).
[[0;32m  OK  [0m] Reached target Network (Pre).
         Starting Network Service...
[[0;32m  OK  [0m] Started Network Service.
         Starting Wait for Network to be Configured...
         Starting Network Name Resolution...
[[0;32m  OK  [0m] Started Network Name Resolution.
[[0;32m  OK  [0m] Reached target Network.
[[0;32m  OK  [0m] Reached target Host and Network Name Lookups.
[[0;32m  OK  [0m] Started Wait for Network to be Configured.
         Starting Initial cloud-init job (metadata service crawler)...
[    8.079751] cloud-init[673]: Cloud-init v. 23.1.2-0ubuntu0~18.04.1 running 'init' at Thu, 29 Feb 2024 23:55:51 +0000. Up 7.89 seconds.
[    8.092305] cloud-init[673]: ci-info: ++++++++++++++++++++++++++++++++++++++Net device info++++++++++++++++++++++++++++++++++++++
[    8.093110] cloud-init[673]: ci-info: +--------+------+----------------------------+---------------+--------+-------------------+
[    8.093929] cloud-init[673]: ci-info: | Device |  Up  |          Address           |      Mask     | Scope  |     Hw-Address    |
[    8.094759] cloud-init[673]: ci-info: +--------+------+----------------------------+---------------+--------+-------------------+
[    8.095561] cloud-init[673]: ci-info: | enp0s3 | True |         10.0.2.15          | 255.255.255.0 | global | 02:3b:7b:b7:3b:2d |
[    8.096401] cloud-init[673]: ci-info: | enp0s3 | True | fe80::3b:7bff:feb7:3b2d/64 |       .       |  link  | 02:3b:7b:b7:3b:2d |
[    8.097209] cloud-init[673]: ci-info: |   lo   | True |         127.0.0.1          |   255.0.0.0   |  host  |         .         |
[    8.097958] cloud-init[673]: ci-info: |   lo   | True |          ::1/128           |       .       |  host  |         .         |
[    8.098709] cloud-init[673]: ci-info: +--------+------+----------------------------+---------------+--------+-------------------+
[    8.099522] cloud-init[673]: ci-info: ++++++++++++++++++++++++++++Route IPv4 info+++++++++++++++++++++++++++++
[    8.108296] cloud-init[673]: ci-info: +-------+-------------+----------+-----------------+-----------+-------+
[    8.120366] cloud-init[673]: ci-info: | Route | Destination | Gateway  |     Genmask     | Interface | Flags |
[    8.132300] cloud-init[673]: ci-info: +-------+-------------+----------+-----------------+-----------+-------+
[    8.144602] cloud-init[673]: ci-info: |   0   |   0.0.0.0   | 10.0.2.2 |     0.0.0.0     |   enp0s3  |   UG  |
[    8.146318] cloud-init[673]: ci-info: |   1   |   10.0.2.0  | 0.0.0.0  |  255.255.255.0  |   enp0s3  |   U   |
[    8.149009] cloud-init[673]: ci-info: |   2   |   10.0.2.2  | 0.0.0.0  | 255.255.255.255 |   enp0s3  |   UH  |
[    8.151269] cloud-init[673]: ci-info: +-------+-------------+----------+-----------------+-----------+-------+
[    8.153607] cloud-init[673]: ci-info: +++++++++++++++++++Route IPv6 info+++++++++++++++++++
[    8.154930] cloud-init[673]: ci-info: +-------+-------------+---------+-----------+-------+
[    8.156119] cloud-init[673]: ci-info: | Route | Destination | Gateway | Interface | Flags |
[    8.157168] cloud-init[673]: ci-info: +-------+-------------+---------+-----------+-------+
[    8.160292] cloud-init[673]: ci-info: |   1   |  fe80::/64  |    ::   |   enp0s3  |   U   |
[    8.161468] cloud-init[673]: ci-info: |   3   |    local    |    ::   |   enp0s3  |   U   |
[    8.163025] cloud-init[673]: ci-info: |   4   |   ff00::/8  |    ::   |   enp0s3  |   U   |
[    8.163993] cloud-init[673]: ci-info: +-------+-------------+---------+-----------+-------+
[[0;32m  OK  [0m] Started Initial cloud-init job (metadata service crawler).
[[0;32m  OK  [0m] Reached target Network is Online.
         Starting Availability of block devices...
[[0;32m  OK  [0m] Reached target Remote File Systems (Pre).
         Mounting /vagrant...
[[0;32m  OK  [0m] Reached target System Initialization.
[[0;32m  OK  [0m] Listening on ACPID Listen Socket.
[[0;32m  OK  [0m] Listening on UUID daemon activation socket.
[[0;32m  OK  [0m] Started Ubuntu Advantage Timer for running repeated jobs.
[[0;32m  OK  [0m] Started Message of the Day.
[[0;32m  OK  [0m] Listening on Open-iSCSI iscsid Socket.
         Starting LXD - unix socket.
         Starting Socket activation for snappy daemon.
[[0;32m  OK  [0m] Listening on cloud-init hotplug hook socket.
[[0;32m  OK  [0m] Listening on D-Bus System Message Bus Socket.
[[0;32m  OK  [0m] Started Daily Cleanup of Temporary Directories.
[[0;32m  OK  [0m] Started Discard unused blocks once a week.
[[0;32m  OK  [0m] Started Daily apt download activities.
[[0;32m  OK  [0m] Started Daily apt upgrade and clean activities.
[[0;32m  OK  [0m] Started ACPI Events Check.
[[0;32m  OK  [0m] Reached target Paths.
[[0;32m  OK  [0m] Reached target Timers.
[[0;32m  OK  [0m] Reached target Cloud-config availability.
[[0;32m  OK  [0m] Started Availability of block devices.
[[0;32m  OK  [0m] Mounted /vagrant.
[[0;32m  OK  [0m] Listening on LXD - unix socket.
[[0;32m  OK  [0m] Listening on Socket activation for snappy daemon.
[[0;32m  OK  [0m] Reached target Sockets.
[[0;32m  OK  [0m] Reached target Basic System.
[[0;32m  OK  [0m] Reached target Login Prompts (Pre).
         Starting OpenBSD Secure Shell server...
[[0;32m  OK  [0m] Started Regular background program processing daemon.
         Starting Dispatcher daemon for systemd-networkd...
[[0;32m  OK  [0m] Started D-Bus System Message Bus.
[[0;32m  OK  [0m] Started irqbalance daemon.
         Starting Accounts Service...
[[0;32m  OK  [0m] Started FUSE filesystem for LXC.
[[0;32m  OK  [0m] Started Deferred execution scheduler.
         Starting Snap Daemon...
         Starting System Logging Service...
         Starting Virtualbox guest utils...
         Starting LSB: Record successful boot for GRUB...
         Starting Login Service...
         Starting LXD - container startup/shutdown...
[[0;32m  OK  [0m] Reached target Remote File Systems.
         Starting Permit User Sessions...
         Starting LSB: automatic crash report generation...
[[0;32m  OK  [0m] Started OpenBSD Secure Shell server.
[[0;32m  OK  [0m] Started System Logging Service.
[[0;32m  OK  [0m] Started Dispatcher daemon for systemd-networkd.
[[0;32m  OK  [0m] Started Permit User Sessions.
[[0;32m  OK  [0m] Started LXD - container startup/shutdown.
[[0;32m  OK  [0m] Started Login Service.
[[0;32m  OK  [0m] Started Unattended Upgrades Shutdown.
         Starting Terminate Plymouth Boot Screen...
         Starting Hold until boot process finishes up...
         Starting Authorization Manager...
[[0;32m  OK  [0m] Started Hold until boot process finishes up.
         Starting Set console scheme...
[[0;32m  OK  [0m] Started Serial Getty on ttyS0.
[[0;32m  OK  [0m] Started Terminate Plymouth Boot Screen.
[[0;32m  OK  [0m] Started Authorization Manager.
[[0;32m  OK  [0m] Started Accounts Service.
[[0;32m  OK  [0m] Started Set console scheme.
[[0;32m  OK  [0m] Created slice system-getty.slice.
[[0;32m  OK  [0m] Started Getty on tty1.
[[0;32m  OK  [0m] Reached target Login Prompts.
[[0;32m  OK  [0m] Started LSB: automatic crash report generation.
[[0;32m  OK  [0m] Started LSB: Record successful boot for GRUB.
[[0;32m  OK  [0m] Started Virtualbox guest utils.
[[0;32m  OK  [0m] Started Snap Daemon.
         Starting Wait until snapd is fully seeded...
         Starting Time & Date Service...
[[0;32m  OK  [0m] Started Time & Date Service.
[[0;32m  OK  [0m] Started Wait until snapd is fully seeded.
         Starting Apply the settings specified in cloud-config...
[    9.548743] cloud-init[1121]: Cloud-init v. 23.1.2-0ubuntu0~18.04.1 running 'modules:config' at Thu, 29 Feb 2024 23:55:53 +0000. Up 9.42 seconds.
[[0;32m  OK  [0m] Started Apply the settings specified in cloud-config.
[[0;32m  OK  [0m] Reached target Multi-User System.
[[0;32m  OK  [0m] Reached target Graphical Interface.
         Starting Execute cloud user/final scripts...
         Starting Update UTMP about System Runlevel Changes...
[[0;32m  OK  [0m] Started Update UTMP about System Runlevel Changes.
[   10.210080] cloud-init[1161]: Cloud-init v. 23.1.2-0ubuntu0~18.04.1 running 'modules:final' at Thu, 29 Feb 2024 23:55:53 +0000. Up 10.05 seconds.
[   10.211548] cloud-init[1161]: Cloud-init v. 23.1.2-0ubuntu0~18.04.1 finished at Thu, 29 Feb 2024 23:55:54 +0000. Datasource DataSourceNoCloud [seed=/dev/sdb][dsmode=net].  Up 10.20 seconds
[[0;32m  OK  [0m] Started Execute cloud user/final scripts.
[[0;32m  OK  [0m] Reached target Cloud-init target.

Ubuntu 18.04.6 LTS ubuntu-bionic ttyS0

ubuntu-bionic login: 